<?xml version="1.0" encoding="utf-8"?>
<testsuite name="EngineerSearch.KBA" tests="2" failures="0" errors="0" time="2.18"><properties><property name="JOB_NAME" value="EngineerSearch_API_Test"/><property name="java.vendor" value="Private Build"/><property name="PWD" value="/var/lib/jenkins"/><property name="HTTP_PROXY" value="http://proxy.wdf.sap.corp:8080"/><property name="sun.java.launcher" value="SUN_STANDARD"/><property name="sun.management.compiler" value="HotSpot 64-Bit Tiered Compilers"/><property name="PATH" value="/usr/lib/jvm/java-1.8.0-openjdk-amd64/bin:/var/jenkins_tools/tools/maven/bin:/usr/lib/jvm/java-1.8.0-openjdk-amd64/bin:/usr/lib/jvm/java-1.8.0-openjdk-amd64/jre/bin:/usr/local/bin:/usr/bin:/bin:/usr/local/games:/usr/games"/><property name="JENKINS_HOME" value="/var/lib/jenkins"/><property name="projectFile" value="SAPNotes/EngineerSearch.xml"/><property name="HUDSON_SERVER_COOKIE" value="110bb8ae6f9fc860"/><property name="POM_ARTIFACTID" value="sal_ips_api_test_soapui"/><property name="os.name" value="Linux"/><property name="sun.boot.class.path" value="/usr/lib/jvm/java-8-openjdk-amd64/jre/lib/resources.jar:/usr/lib/jvm/java-8-openjdk-amd64/jre/lib/rt.jar:/usr/lib/jvm/java-8-openjdk-amd64/jre/lib/sunrsasign.jar:/usr/lib/jvm/java-8-openjdk-amd64/jre/lib/jsse.jar:/usr/lib/jvm/java-8-openjdk-amd64/jre/lib/jce.jar:/usr/lib/jvm/java-8-openjdk-amd64/jre/lib/charsets.jar:/usr/lib/jvm/java-8-openjdk-amd64/jre/lib/jfr.jar:/usr/lib/jvm/java-8-openjdk-amd64/jre/classes"/><property name="EXECUTOR_NUMBER" value="1"/><property name="POM_DISPLAYNAME" value="sal_ips_api_test_soapui"/><property name="ftp_proxy" value="http://proxy.wdf.sap.corp:8080"/><property name="java.vm.specification.vendor" value="Oracle Corporation"/><property name="XDG_RUNTIME_DIR" value="/run/user/111"/><property name="NODE_LABELS" value="master"/><property name="java.runtime.version" value="1.8.0_222-8u222-b10-1ubuntu1~16.04.1-b10"/><property name="GIT_COMMITTER_EMAIL" value="DL_5991447F7BCF84212B0000ED@exchange.sap.corp"/><property name="user.name" value="jenkins"/><property name="guice.disable.misplaced.annotation.check" value="true"/><property name="NODE_PATH" value="/usr/lib/nodejs:/usr/lib/node_modules:/usr/share/javascript"/><property name="user.language" value="en"/><property name="RUN_CHANGES_DISPLAY_URL" value="http://mo-2b83de737.mo.sap.corp:8080/job/EngineerSearch_API_Test/151/display/redirect?page=changes"/><property name="JOB_BASE_NAME" value="EngineerSearch_API_Test"/><property name="BUILD_DISPLAY_NAME" value="#151"/><property name="sun.boot.library.path" value="/usr/lib/jvm/java-8-openjdk-amd64/jre/lib/amd64"/><property name="GIT_PREVIOUS_SUCCESSFUL_COMMIT" value="5b55033d975db412fb25d637fa848b64011831ce"/><property name="DISPLAY" value=":1"/><property name="java.version" value="1.8.0_222"/><property name="user.timezone" value="Etc/UTC"/><property name="GIT_AUTHOR_NAME" value="sal_dev_ops"/><property name="sun.arch.data.model" value="64"/><property name="NODE_NAME" value="master"/><property name="java.endorsed.dirs" value="/usr/lib/jvm/java-8-openjdk-amd64/jre/lib/endorsed"/><property name="BUILD_ID" value="151"/><property name="sun.cpu.isalist" value=""/><property name="sun.jnu.encoding" value="UTF-8"/><property name="file.encoding.pkg" value="sun.io"/><property name="SHELL" value="/bin/bash"/><property name="file.separator" value="/"/><property name="java.specification.name" value="Java Platform API Specification"/><property name="java.class.version" value="52.0"/><property name="org.slf4j.simpleLogger.defaultLogLevel" value="debug"/><property name="JRE_HOME" value="/usr/lib/jvm/java-1.8.0-openjdk-amd64/jre"/><property name="systemKey" value="DEV"/><property name="user.country" value="US"/><property name="securerandom.source" value="file:/dev/./urandom"/><property name="java.home" value="/usr/lib/jvm/java-8-openjdk-amd64/jre"/><property name="java.vm.info" value="mixed mode"/><property name="os.version" value="4.4.0-133-generic"/><property name="RUN_DISPLAY_URL" value="http://mo-2b83de737.mo.sap.corp:8080/job/EngineerSearch_API_Test/151/display/redirect"/><property name="POM_VERSION" value="0.0.1-SNAPSHOT"/><property name="sun.font.fontmanager" value="sun.awt.X11FontManager"/><property name="webdriver.chrome.driver" value="/usr/local/share/chromedriver"/><property name="path.separator" value=":"/><property name="java.vm.version" value="25.222-b10"/><property name="user" value="i330464"/><property name="GIT_PREVIOUS_COMMIT" value="5b55033d975db412fb25d637fa848b64011831ce"/><property name="JOB_DISPLAY_URL" value="http://mo-2b83de737.mo.sap.corp:8080/job/EngineerSearch_API_Test/display/redirect"/><property name="SHLVL" value="1"/><property name="sun.awt.enableExtraMouseButtons" value="true"/><property name="_" value="/usr/bin/daemon"/><property name="java.awt.printerjob" value="sun.print.PSPrinterJob"/><property name="JAVA_HOME" value="/usr/lib/jvm/java-1.8.0-openjdk-amd64"/><property name="sun.io.unicode.encoding" value="UnicodeLittle"/><property name="awt.toolkit" value="sun.awt.X11.XToolkit"/><property name="LOGNAME" value="jenkins"/><property name="POM_PACKAGING" value="jar"/><property name="HOME" value="/var/lib/jenkins"/><property name="POM_GROUPID" value="sal_ips_api_test_group"/><property name="GIT_COMMITTER_NAME" value="sal_dev_ops"/><property name="user.home" value="/var/lib/jenkins"/><property name="JENKINS_SERVER_COOKIE" value="110bb8ae6f9fc860"/><property name="BUILD_TAG" value="jenkins-EngineerSearch_API_Test-151"/><property name="HUDSON_URL" value="http://mo-2b83de737.mo.sap.corp:8080/"/><property name="XDG_SESSION_ID" value="c3"/><property name="java.specification.vendor" value="Oracle Corporation"/><property name="CLASSPATH" value=""/><property name="java.library.path" value="/usr/java/packages/lib/amd64:/usr/lib/x86_64-linux-gnu/jni:/lib/x86_64-linux-gnu:/usr/lib/x86_64-linux-gnu:/usr/lib/jni:/lib:/usr/lib"/><property name="java.vendor.url" value="http://java.oracle.com/"/><property name="https_proxy" value="http://proxy.wdf.sap.corp:8080"/><property name="java.vm.vendor" value="Private Build"/><property name="maven.home" value="/var/jenkins_tools/maven"/><property name="java.runtime.name" value="OpenJDK Runtime Environment"/><property name="sun.java.command" value="jenkins.maven3.agent.Maven33Main /var/jenkins_tools/maven /var/cache/jenkins/war/WEB-INF/lib/remoting-3.29.jar /var/lib/jenkins/plugins/maven-plugin/WEB-INF/lib/maven33-interceptor-1.12-alpha-1.jar /var/lib/jenkins/plugins/maven-plugin/WEB-INF/lib/maven3-interceptor-commons-1.12-alpha-1.jar 39673"/><property name="java.class.path" value="/var/lib/jenkins/plugins/maven-plugin/WEB-INF/lib/maven33-agent-1.12-alpha-1.jar:/var/jenkins_tools/maven/boot/plexus-classworlds-2.5.2.jar:/var/jenkins_tools/maven/conf/logging"/><property name="java.vm.specification.name" value="Java Virtual Machine Specification"/><property name="PATH+JDK" value="/usr/lib/jvm/java-1.8.0-openjdk-amd64/bin"/><property name="java.vm.specification.version" value="1.8"/><property name="MAIL" value="/var/mail/jenkins"/><property name="M2_HOME" value="/var/jenkins_tools/maven"/><property name="sun.cpu.endian" value="little"/><property name="sun.os.patch.level" value="unknown"/><property name="java.io.tmpdir" value="/tmp"/><property name="PATH+MAVEN" value="/var/jenkins_tools/maven/bin"/><property name="HUDSON_HOME" value="/var/lib/jenkins"/><property name="all_proxy" value="http://proxy.wdf.sap.corp:8080"/><property name="java.vendor.url.bug" value="http://bugreport.sun.com/bugreport/"/><property name="BUILD_URL" value="http://mo-2b83de737.mo.sap.corp:8080/job/EngineerSearch_API_Test/151/"/><property name="MAVEN_OPTS" value="-Dmaven.test.failure.ignore=false -Dwebdriver.chrome.driver=/usr/local/share/chromedriver"/><property name="os.arch" value="amd64"/><property name="java.awt.graphicsenv" value="sun.awt.X11GraphicsEnvironment"/><property name="java.ext.dirs" value="/usr/lib/jvm/java-8-openjdk-amd64/jre/lib/ext:/usr/java/packages/lib/ext"/><property name="JOB_URL" value="http://mo-2b83de737.mo.sap.corp:8080/job/EngineerSearch_API_Test/"/><property name="user.dir" value="/var/lib/jenkins/workspace/EngineerSearch_API_Test/api_test"/><property name="password" value="mld19910715*"/><property name="MAVEN_HOME" value="/var/jenkins_tools/maven"/><property name="line.separator" value="
"/><property name="BUILD_NUMBER" value="151"/><property name="java.vm.name" value="OpenJDK 64-Bit Server VM"/><property name="JENKINS_URL" value="http://mo-2b83de737.mo.sap.corp:8080/"/><property name="maven.test.failure.ignore" value="false"/><property name="GIT_BRANCH" value="origin/master"/><property name="soapui.browser.disabled" value="true"/><property name="GIT_COMMIT" value="5b55033d975db412fb25d637fa848b64011831ce"/><property name="LANG" value="en_US.UTF-8"/><property name="file.encoding" value="UTF-8"/><property name="maven3.interceptor" value="/var/lib/jenkins/plugins/maven-plugin/WEB-INF/lib/maven33-interceptor-1.12-alpha-1.jar"/><property name="WORKSPACE" value="/var/lib/jenkins/workspace/EngineerSearch_API_Test"/><property name="NO_PROXY" value="localhost,sap.corp,mo.sap.corp,cc.mo.sap.corp,sap.biz,cloud.sap,sap,cc.ondemand.com,moo-repo,moo-repo.wdf.sap.corp,repo,repo.wdf.sap.corp,169.254.169.254,mo-2b83de737,127.0.0.1,10.97.72.93,172.17.0.1"/><property name="GIT_AUTHOR_EMAIL" value="DL_5991447F7BCF84212B0000ED@exchange.sap.corp"/><property name="maven3.interceptor.common" value="/var/lib/jenkins/plugins/maven-plugin/WEB-INF/lib/maven3-interceptor-commons-1.12-alpha-1.jar"/><property name="java.specification.version" value="1.8"/><property name="USER" value="i330464"/><property name="GIT_URL" value="ssh://git.wdf.sap.corp:29418/sal-ips-testing"/><property name="soapui.logroot" value="/var/lib/jenkins/workspace/EngineerSearch_API_Test/api_test/target/soapui-logs/"/></properties><testcase name="Search" time="1.015"/><testcase name="CombinationFilter" time="1.165"/></testsuite>