<?xml version="1.0" encoding="UTF-8"?>
<testsuite name="com.sap.ui5.selenium.qunit.QUnitTest" time="124.993" tests="1" errors="0" skipped="0" failures="0">
  <properties>
    <property name="DISPLAY" value=":1"/>
    <property name="file.encoding.pkg" value="sun.io"/>
    <property name="GERRIT_BRANCH" value="master"/>
    <property name="sap.ui5.selenium.qunit.coverage_browsers" value="chrome"/>
    <property name="java.home" value="/usr/lib/jvm/java-8-openjdk-amd64/jre"/>
    <property name="LOGNAME" value="jenkins"/>
    <property name="sap.ui5.build.timestamp.cache" value="1542350709901"/>
    <property name="NODE_NAME" value="master"/>
    <property name="PWD" value="/var/lib/jenkins"/>
    <property name="JENKINS_URL" value="http://mo-2b83de737.mo.sap.corp:8080/"/>
    <property name="sun.font.fontmanager" value="sun.awt.X11FontManager"/>
    <property name="java.endorsed.dirs" value="/usr/lib/jvm/java-8-openjdk-amd64/jre/lib/endorsed"/>
    <property name="HTTP_PROXY" value="http://proxy.wdf.sap.corp:8080"/>
    <property name="sun.os.patch.level" value="unknown"/>
    <property name="java.vendor.url" value="http://java.oracle.com/"/>
    <property name="java.version" value="1.8.0_181"/>
    <property name="JOB_NAME" value="MasterDetail_Integration_Test"/>
    <property name="java.vendor.url.bug" value="http://bugreport.sun.com/bugreport/"/>
    <property name="user.name" value="jenkins"/>
    <property name="sun.io.unicode.encoding" value="UnicodeLittle"/>
    <property name="XDG_RUNTIME_DIR" value="/run/user/111"/>
    <property name="sun.jnu.encoding" value="UTF-8"/>
    <property name="java.runtime.name" value="OpenJDK Runtime Environment"/>
    <property name="GIT_COMMITTER_EMAIL" value="DL_5991447F7BCF84212B0000ED@exchange.sap.corp"/>
    <property name="surefire.test.class.path" value="/var/lib/jenkins/workspace/MasterDetail_Integration_Test/target/test-classes:/var/lib/jenkins/workspace/MasterDetail_Integration_Test/target/classes:/var/lib/jenkins/.m2/repository/com/sap/ui5/commons/1.50.2/commons-1.50.2.jar:/var/lib/jenkins/.m2/repository/com/sap/ui5/ux3/1.50.2/ux3-1.50.2.jar:/var/lib/jenkins/.m2/repository/com/sap/ui5/suite/1.50.2/suite-1.50.2.jar:/var/lib/jenkins/.m2/repository/com/sap/ui5/makit/1.50.2/makit-1.50.2.jar:/var/lib/jenkins/.m2/repository/com/sap/ui5/fiori/1.50.2/fiori-1.50.2.jar:/var/lib/jenkins/.m2/repository/com/sap/ui5/comp/1.50.2/comp-1.50.2.jar:/var/lib/jenkins/.m2/repository/com/sap/ui5/fl/1.50.2/fl-1.50.2.jar:/var/lib/jenkins/.m2/repository/com/sap/ui5/generic-app/1.50.2/generic-app-1.50.2.jar:/var/lib/jenkins/.m2/repository/com/sap/ui5/generic-template/1.50.2/generic-template-1.50.2.jar:/var/lib/jenkins/.m2/repository/com/sap/ui5/ndc/1.50.2/ndc-1.50.2.jar:/var/lib/jenkins/.m2/repository/com/sap/ui5/tnt/1.50.2/tnt-1.50.2.jar:/var/lib/jenkins/.m2/repository/com/sap/suite/suite-ui-microchart/1.50.2/suite-ui-microchart-1.50.2.jar:/var/lib/jenkins/.m2/repository/com/sap/ui5/richtexteditor/1.50.2/richtexteditor-1.50.2.jar:/var/lib/jenkins/.m2/repository/com/sap/ui5/chart/1.50.2/chart-1.50.2.jar:/var/lib/jenkins/.m2/repository/com/sap/ui5/inbox/1.50.2/inbox-1.50.2.jar:/var/lib/jenkins/.m2/repository/com/sap/ui5/dt/1.50.2/dt-1.50.2.jar:/var/lib/jenkins/.m2/repository/com/sap/ui5/rta/1.50.2/rta-1.50.2.jar:/var/lib/jenkins/.m2/repository/com/sap/ui5/support/1.50.2/support-1.50.2.jar:/var/lib/jenkins/.m2/repository/com/sap/ui5/mdc/1.50.2/mdc-1.50.2.jar:/var/lib/jenkins/.m2/repository/com/sap/ui5/export/1.50.2/export-1.50.2.jar:/var/lib/jenkins/.m2/repository/com/sap/suite/suite-ui-commons/1.50.2/suite-ui-commons-1.50.2.jar:/var/lib/jenkins/.m2/repository/com/sap/portal/ui5/portal-ui5-ext/1.50.0/portal-ui5-ext-1.50.0.jar:/var/lib/jenkins/.m2/repository/com/sap/ushell/ushell-lib/1.50.2/ushell-lib-1.50.2.jar:/var/lib/jenkins/.m2/repository/com/sap/ui5/vbm/1.50.2/vbm-1.50.2.jar:/var/lib/jenkins/.m2/repository/com/sap/ui5/vizkit/sap.ui.vk/1.50.2/sap.ui.vk-1.50.2.jar:/var/lib/jenkins/.m2/repository/com/sap/ui5/vtm/sap.ui.vtm/1.50.2/sap.ui.vtm-1.50.2.jar:/var/lib/jenkins/.m2/repository/com/sap/collaboration/collaboration-commons/1.50.2/collaboration-commons-1.50.2.jar:/var/lib/jenkins/.m2/repository/com/sap/apf/apf-lib/1.50.0/apf-lib-1.50.0.jar:/var/lib/jenkins/.m2/repository/com/sap/lm/uiext/landvisz/sap.landvisz/1.50.0/sap.landvisz-1.50.0.jar:/var/lib/jenkins/.m2/repository/com/sap/suite/ui/generic/template/sap.suite.ui.generic.template/1.50.2/sap.suite.ui.generic.template-1.50.2.jar:/var/lib/jenkins/.m2/repository/com/sap/ovp/ovp-lib/1.50.2/ovp-lib-1.50.2.jar:/var/lib/jenkins/.m2/repository/com/sap/gantt/gantt.lib/1.50.2/gantt.lib-1.50.2.jar:/var/lib/jenkins/.m2/repository/com/sap/rules/sap.rules.ui/1.50.0/sap.rules.ui-1.50.0.jar:/var/lib/jenkins/.m2/repository/com/sap/ip/bi/zen/rt/phx/com.sap.ip.bi.zen.rt.components.crosstab.phx/1.50.2/com.sap.ip.bi.zen.rt.components.crosstab.phx-1.50.2.jar:/var/lib/jenkins/.m2/repository/com/sap/ip/bi/zen/rt/phx/com.sap.ip.bi.zen.rt.zencopy.phx/1.50.2/com.sap.ip.bi.zen.rt.zencopy.phx-1.50.2.jar:/var/lib/jenkins/.m2/repository/com/sap/ip/bi/zen/rt/com.sap.ip.bi.zen.rt.dsh.phx/1.50.2/com.sap.ip.bi.zen.rt.dsh.phx-1.50.2.jar:/var/lib/jenkins/.m2/repository/com/sap/uxd/sap.fe/1.50.2/sap.fe-1.50.2.jar:/var/lib/jenkins/.m2/repository/com/sap/hana/fileprocessing/sap.fileviewer/1.50.0/sap.fileviewer-1.50.0.jar:/var/lib/jenkins/.m2/repository/javax/servlet/servlet-api/2.5/servlet-api-2.5.jar:/var/lib/jenkins/.m2/repository/com/sap/ui5/resource/1.50.2/resource-1.50.2.jar:/var/lib/jenkins/.m2/repository/com/sap/ui5/core/1.50.2/core-1.50.2-testresources.jar:/var/lib/jenkins/.m2/repository/com/sap/ushell/ushell-lib/1.50.2/ushell-lib-1.50.2-testresources.jar:/var/lib/jenkins/.m2/repository/com/sap/ui5/core/1.50.2/core-1.50.2.jar:/var/lib/jenkins/.m2/repository/com/sap/ui5/layout/1.50.2/layout-1.50.2.jar:/var/lib/jenkins/.m2/repository/com/sap/ui5/mobile/1.50.2/mobile-1.50.2.jar:/var/lib/jenkins/.m2/repository/com/sap/ui5/viz/1.50.2/viz-1.50.2.jar:/var/lib/jenkins/.m2/repository/com/sap/ui5/unified/1.50.2/unified-1.50.2.jar:/var/lib/jenkins/.m2/repository/com/sap/ui5/codeeditor/1.50.2/codeeditor-1.50.2.jar:/var/lib/jenkins/.m2/repository/com/sap/ui5/themelib_sap_bluecrystal/1.50.2/themelib_sap_bluecrystal-1.50.2.jar:/var/lib/jenkins/.m2/repository/com/sap/ui5/themelib_sap_belize/1.50.2/themelib_sap_belize-1.50.2.jar:/var/lib/jenkins/.m2/repository/com/sap/uxap/uxap-uilib/1.50.2/uxap-uilib-1.50.2.jar:/var/lib/jenkins/.m2/repository/com/sap/ui5/table/1.50.2/table-1.50.2.jar:/var/lib/jenkins/.m2/repository/com/sap/ca/ui/1.50.0/ui-1.50.0.jar:/var/lib/jenkins/.m2/repository/com/sap/ca/scfld.md/1.50.0/scfld.md-1.50.0.jar:/var/lib/jenkins/.m2/repository/com/sap/ui5/mobile-ext/1.50.2/mobile-ext-1.50.2.jar:/var/lib/jenkins/.m2/repository/com/sap/ui5/qunit-utils/1.50.2/qunit-utils-1.50.2.jar:/var/lib/jenkins/.m2/repository/junit/junit/4.11/junit-4.11.jar:/var/lib/jenkins/.m2/repository/org/hamcrest/hamcrest-core/1.3/hamcrest-core-1.3.jar:/var/lib/jenkins/.m2/repository/org/seleniumhq/selenium/selenium-support/3.4.0/selenium-support-3.4.0.jar:/var/lib/jenkins/.m2/repository/org/seleniumhq/selenium/selenium-api/3.4.0/selenium-api-3.4.0.jar:/var/lib/jenkins/.m2/repository/org/seleniumhq/selenium/selenium-remote-driver/3.4.0/selenium-remote-driver-3.4.0.jar:/var/lib/jenkins/.m2/repository/cglib/cglib-nodep/3.2.4/cglib-nodep-3.2.4.jar:/var/lib/jenkins/.m2/repository/org/apache/commons/commons-exec/1.3/commons-exec-1.3.jar:/var/lib/jenkins/.m2/repository/commons-codec/commons-codec/1.10/commons-codec-1.10.jar:/var/lib/jenkins/.m2/repository/commons-logging/commons-logging/1.2/commons-logging-1.2.jar:/var/lib/jenkins/.m2/repository/com/google/guava/guava/21.0/guava-21.0.jar:/var/lib/jenkins/.m2/repository/org/apache/httpcomponents/httpcore/4.4.6/httpcore-4.4.6.jar:/var/lib/jenkins/.m2/repository/net/java/dev/jna/jna/4.1.0/jna-4.1.0.jar:/var/lib/jenkins/.m2/repository/net/java/dev/jna/jna-platform/4.1.0/jna-platform-4.1.0.jar:/var/lib/jenkins/.m2/repository/org/seleniumhq/selenium/selenium-java/3.4.0/selenium-java-3.4.0.jar:/var/lib/jenkins/.m2/repository/org/seleniumhq/selenium/selenium-chrome-driver/3.4.0/selenium-chrome-driver-3.4.0.jar:/var/lib/jenkins/.m2/repository/org/seleniumhq/selenium/selenium-edge-driver/3.4.0/selenium-edge-driver-3.4.0.jar:/var/lib/jenkins/.m2/repository/org/seleniumhq/selenium/selenium-firefox-driver/3.4.0/selenium-firefox-driver-3.4.0.jar:/var/lib/jenkins/.m2/repository/org/seleniumhq/selenium/selenium-ie-driver/3.4.0/selenium-ie-driver-3.4.0.jar:/var/lib/jenkins/.m2/repository/org/seleniumhq/selenium/selenium-opera-driver/3.4.0/selenium-opera-driver-3.4.0.jar:/var/lib/jenkins/.m2/repository/org/seleniumhq/selenium/selenium-safari-driver/3.4.0/selenium-safari-driver-3.4.0.jar:/var/lib/jenkins/.m2/repository/org/apache/commons/commons-lang3/3.5/commons-lang3-3.5.jar:/var/lib/jenkins/.m2/repository/commons-io/commons-io/2.5/commons-io-2.5.jar:/var/lib/jenkins/.m2/repository/org/w3c/css/sac/1.3/sac-1.3.jar:/var/lib/jenkins/.m2/repository/net/sourceforge/cssparser/cssparser/0.9.22/cssparser-0.9.22.jar:/var/lib/jenkins/.m2/repository/net/sourceforge/htmlunit/htmlunit/2.26/htmlunit-2.26.jar:/var/lib/jenkins/.m2/repository/net/sourceforge/htmlunit/htmlunit-core-js/2.26/htmlunit-core-js-2.26.jar:/var/lib/jenkins/.m2/repository/net/sourceforge/htmlunit/neko-htmlunit/2.25/neko-htmlunit-2.25.jar:/var/lib/jenkins/.m2/repository/org/apache/httpcomponents/httpmime/4.5.3/httpmime-4.5.3.jar:/var/lib/jenkins/.m2/repository/org/eclipse/jetty/jetty-io/9.4.1.v20170120/jetty-io-9.4.1.v20170120.jar:/var/lib/jenkins/.m2/repository/org/eclipse/jetty/jetty-util/9.4.1.v20170120/jetty-util-9.4.1.v20170120.jar:/var/lib/jenkins/.m2/repository/com/codeborne/phantomjsdriver/1.4.0/phantomjsdriver-1.4.0.jar:/var/lib/jenkins/.m2/repository/org/seleniumhq/selenium/htmlunit-driver/2.26/htmlunit-driver-2.26.jar:/var/lib/jenkins/.m2/repository/javax/servlet/javax.servlet-api/3.1.0/javax.servlet-api-3.1.0.jar:/var/lib/jenkins/.m2/repository/org/eclipse/jetty/websocket/websocket-api/9.4.3.v20170317/websocket-api-9.4.3.v20170317.jar:/var/lib/jenkins/.m2/repository/org/eclipse/jetty/websocket/websocket-client/9.4.3.v20170317/websocket-client-9.4.3.v20170317.jar:/var/lib/jenkins/.m2/repository/org/eclipse/jetty/jetty-client/9.4.3.v20170317/jetty-client-9.4.3.v20170317.jar:/var/lib/jenkins/.m2/repository/org/eclipse/jetty/jetty-http/9.4.3.v20170317/jetty-http-9.4.3.v20170317.jar:/var/lib/jenkins/.m2/repository/org/eclipse/jetty/websocket/websocket-common/9.4.3.v20170317/websocket-common-9.4.3.v20170317.jar:/var/lib/jenkins/.m2/repository/xalan/serializer/2.7.2/serializer-2.7.2.jar:/var/lib/jenkins/.m2/repository/xalan/xalan/2.7.2/xalan-2.7.2.jar:/var/lib/jenkins/.m2/repository/xerces/xercesImpl/2.11.0/xercesImpl-2.11.0.jar:/var/lib/jenkins/.m2/repository/xml-apis/xml-apis/1.4.01/xml-apis-1.4.01.jar:/var/lib/jenkins/.m2/repository/com/sap/ui5/selenium/selenium-utils/0.11.0/selenium-utils-0.11.0.jar:/var/lib/jenkins/.m2/repository/com/sap/ui5/jscoverage/1.50.2/jscoverage-1.50.2.jar:/var/lib/jenkins/.m2/repository/com/sap/ui5/utils/1.50.2/utils-1.50.2.jar:/var/lib/jenkins/.m2/repository/commons-fileupload/commons-fileupload/1.3.1/commons-fileupload-1.3.1.jar:/var/lib/jenkins/.m2/repository/org/json/org.json/2.0/org.json-2.0.jar:/var/lib/jenkins/.m2/repository/com/sap/ui5/utils-internal/1.50.2/utils-internal-1.50.2.jar:/var/lib/jenkins/.m2/repository/org/apache/httpcomponents/httpclient/4.3.1/httpclient-4.3.1.jar:/var/lib/jenkins/.m2/repository/com/google/code/gson/gson/2.3/gson-2.3.jar:/var/lib/jenkins/.m2/repository/net/minidev/json-smart/2.1.0/json-smart-2.1.0.jar:/var/lib/jenkins/.m2/repository/net/minidev/asm/1.0.2/asm-1.0.2.jar:/var/lib/jenkins/.m2/repository/asm/asm/3.3.1/asm-3.3.1.jar:/var/lib/jenkins/.m2/repository/org/mozilla/rhino/1.7.6/rhino-1.7.6.jar:"/>
    <property name="java.specification.name" value="Java Platform API Specification"/>
    <property name="RUN_CHANGES_DISPLAY_URL" value="http://mo-2b83de737.mo.sap.corp:8080/job/MasterDetail_Integration_Test/336/display/redirect?page=changes"/>
    <property name="user.timezone" value="Etc/UTC"/>
    <property name="path.separator" value=":"/>
    <property name="BUILD_TAG" value="jenkins-MasterDetail_Integration_Test-336"/>
    <property name="sap.ui5.selenium.qunit.urlparameters" value="responderOn=true"/>
    <property name="file.encoding" value="UTF-8"/>
    <property name="PATH" value="/usr/lib/jvm/java-1.8.0-openjdk-amd64/bin:/var/jenkins_tools/tools/maven/bin:/usr/lib/jvm/java-1.8.0-openjdk-amd64/bin:/usr/lib/jvm/java-1.8.0-openjdk-amd64/jre/bin:/usr/local/bin:/usr/bin:/bin:/usr/local/games:/usr/games"/>
    <property name="sap.ui5.selenium.qunit.retries.error" value="1"/>
    <property name="sun.java.command" value="jenkins.maven3.agent.Maven33Main /var/jenkins_tools/maven /var/cache/jenkins/war/WEB-INF/lib/remoting-3.21.jar /var/lib/jenkins/plugins/maven-plugin/WEB-INF/lib/maven33-interceptor-1.12-alpha-1.jar /var/lib/jenkins/plugins/maven-plugin/WEB-INF/lib/maven3-interceptor-commons-1.12-alpha-1.jar 46858"/>
    <property name="HUDSON_URL" value="http://mo-2b83de737.mo.sap.corp:8080/"/>
    <property name="JENKINS_SERVER_COOKIE" value="110bb8ae6f9fc860"/>
    <property name="EXECUTOR_NUMBER" value="5"/>
    <property name="GIT_COMMIT" value="cf6decc06edcf48044587a01effaa616a986ec00"/>
    <property name="GIT_COMMITTER_NAME" value="sal_dev_ops"/>
    <property name="java.io.tmpdir" value="/var/lib/jenkins/workspace/MasterDetail_Integration_Test/target/temp"/>
    <property name="user.language" value="en"/>
    <property name="line.separator" value="&#10;"/>
    <property name="BUILD_URL" value="http://mo-2b83de737.mo.sap.corp:8080/job/MasterDetail_Integration_Test/336/"/>
    <property name="GERRIT_REFSPEC" value=""/>
    <property name="SHLVL" value="1"/>
    <property name="M2_HOME" value="/var/jenkins_tools/maven"/>
    <property name="appUnitTestSuite" value="testsuiteOPA.qunit.html"/>
    <property name="USER" value="jenkins"/>
    <property name="java.vm.info" value="mixed mode"/>
    <property name="sap.ui5.selenium.screenshot.dir" value="/var/lib/jenkins/workspace/MasterDetail_Integration_Test/target/screenshots"/>
    <property name="java.vm.specification.name" value="Java Virtual Machine Specification"/>
    <property name="localRepository" value="/var/lib/jenkins/.m2/repository"/>
    <property name="BUILD_DISPLAY_NAME" value="#336"/>
    <property name="surefire.reports.directory" value="/var/lib/jenkins/workspace/MasterDetail_Integration_Test/target/surefire-reports"/>
    <property name="sap.ui5.selenium.qunit.capabilities.json" value=""/>
    <property name="guice.disable.misplaced.annotation.check" value="true"/>
    <property name="HUDSON_SERVER_COOKIE" value="110bb8ae6f9fc860"/>
    <property name="JRE_HOME" value="/usr/lib/jvm/java-1.8.0-openjdk-amd64/jre"/>
    <property name="MAVEN_HOME" value="/var/jenkins_tools/maven"/>
    <property name="java.awt.printerjob" value="sun.print.PSPrinterJob"/>
    <property name="maven3.interceptor.common" value="/var/lib/jenkins/plugins/maven-plugin/WEB-INF/lib/maven3-interceptor-commons-1.12-alpha-1.jar"/>
    <property name="CLASSPATH" value=""/>
    <property name="sap.ui5.selenium.qunit.timeout.script" value="900"/>
    <property name="sap.ui5.selenium.dyn.port" value="33030"/>
    <property name="MAIL" value="/var/mail/jenkins"/>
    <property name="https_proxy" value="http://proxy.wdf.sap.corp:8080"/>
    <property name="os.name" value="Linux"/>
    <property name="java.specification.vendor" value="Oracle Corporation"/>
    <property name="java.vm.name" value="OpenJDK 64-Bit Server VM"/>
    <property name="BUILD_NUMBER" value="336"/>
    <property name="sun.awt.enableExtraMouseButtons" value="true"/>
    <property name="maven3.interceptor" value="/var/lib/jenkins/plugins/maven-plugin/WEB-INF/lib/maven33-interceptor-1.12-alpha-1.jar"/>
    <property name="java.library.path" value="/usr/java/packages/lib/amd64:/usr/lib/x86_64-linux-gnu/jni:/lib/x86_64-linux-gnu:/usr/lib/x86_64-linux-gnu:/usr/lib/jni:/lib:/usr/lib"/>
    <property name="GIT_AUTHOR_EMAIL" value="DL_5991447F7BCF84212B0000ED@exchange.sap.corp"/>
    <property name="POM_GROUPID" value="sap.support.systemdata"/>
    <property name="POM_ARTIFACTID" value="systemdata"/>
    <property name="basedir" value="/var/lib/jenkins/workspace/MasterDetail_Integration_Test"/>
    <property name="java.class.version" value="52.0"/>
    <property name="JOB_URL" value="http://mo-2b83de737.mo.sap.corp:8080/job/MasterDetail_Integration_Test/"/>
    <property name="GIT_PREVIOUS_COMMIT" value="cf6decc06edcf48044587a01effaa616a986ec00"/>
    <property name="hudson.tasks.MailSender.SEND_TO_UNKNOWN_USERS" value="true"/>
    <property name="GIT_BRANCH" value="master"/>
    <property name="RUN_DISPLAY_URL" value="http://mo-2b83de737.mo.sap.corp:8080/job/MasterDetail_Integration_Test/336/display/redirect"/>
    <property name="JENKINS_HOME" value="/var/lib/jenkins"/>
    <property name="sap.ui5.selenium.qunit.threads" value="1"/>
    <property name="BUILD_ID" value="336"/>
    <property name="sun.boot.library.path" value="/usr/lib/jvm/java-8-openjdk-amd64/jre/lib/amd64"/>
    <property name="sun.management.compiler" value="HotSpot 64-Bit Tiered Compilers"/>
    <property name="java.awt.graphicsenv" value="sun.awt.X11GraphicsEnvironment"/>
    <property name="POM_VERSION" value="2018.1.1-SNAPSHOT"/>
    <property name="HUDSON_HOME" value="/var/lib/jenkins"/>
    <property name="GIT_PREVIOUS_SUCCESSFUL_COMMIT" value="cf6decc06edcf48044587a01effaa616a986ec00"/>
    <property name="PATH+MAVEN" value="/var/jenkins_tools/maven/bin"/>
    <property name="hudson.tasks.MailSender.SEND_TO_USERS_WITHOUT_READ" value="true"/>
    <property name="org.eclipse.jetty.xml.XmlParser.NotValidating" value="true"/>
    <property name="ftp_proxy" value="http://proxy.wdf.sap.corp:8080"/>
    <property name="java.vm.specification.version" value="1.8"/>
    <property name="JAVA_HOME" value="/usr/lib/jvm/java-1.8.0-openjdk-amd64"/>
    <property name="SHELL" value="/bin/bash"/>
    <property name="awt.toolkit" value="sun.awt.X11.XToolkit"/>
    <property name="NODE_LABELS" value="master"/>
    <property name="sun.cpu.isalist" value=""/>
    <property name="JOB_DISPLAY_URL" value="http://mo-2b83de737.mo.sap.corp:8080/job/MasterDetail_Integration_Test/display/redirect"/>
    <property name="securerandom.source" value="file:/dev/./urandom"/>
    <property name="java.ext.dirs" value="/usr/lib/jvm/java-8-openjdk-amd64/jre/lib/ext:/usr/java/packages/lib/ext"/>
    <property name="os.version" value="4.4.0-133-generic"/>
    <property name="user.home" value="/var/lib/jenkins"/>
    <property name="_" value="/usr/bin/daemon"/>
    <property name="java.vm.vendor" value="Oracle Corporation"/>
    <property name="all_proxy" value="http://proxy.wdf.sap.corp:8080"/>
    <property name="user.dir" value="/var/lib/jenkins/workspace/MasterDetail_Integration_Test"/>
    <property name="sap.ui5.selenium.qunit.timeout.test" value="900"/>
    <property name="NO_PROXY" value="localhost,sap.corp,mo.sap.corp,cc.mo.sap.corp,sap.biz,cloud.sap,sap,cc.ondemand.com,moo-repo,moo-repo.wdf.sap.corp,repo,repo.wdf.sap.corp,169.254.169.254,mo-2b83de737,127.0.0.1,10.97.72.93,172.17.0.1"/>
    <property name="sun.cpu.endian" value="little"/>
    <property name="sap.ui5.selenium.qunit.testpage" value="test-resources/testsuiteOPA.qunit.html"/>
    <property name="java.vm.version" value="25.181-b13"/>
    <property name="java.class.path" value="/var/lib/jenkins/plugins/maven-plugin/WEB-INF/lib/maven33-agent-1.12-alpha-1.jar:/var/jenkins_tools/maven/boot/plexus-classworlds-2.5.2.jar:/var/jenkins_tools/maven/conf/logging"/>
    <property name="org.slf4j.simpleLogger.defaultLogLevel" value="info"/>
    <property name="MAVEN_OPTS" value="-Dhudson.tasks.MailSender.SEND_TO_UNKNOWN_USERS=true -Dhudson.tasks.MailSender.SEND_TO_USERS_WITHOUT_READ=true"/>
    <property name="os.arch" value="amd64"/>
    <property name="sap.ui5.selenium.qunit.contextPath" value="systemdata"/>
    <property name="WORKSPACE" value="/var/lib/jenkins/workspace/MasterDetail_Integration_Test"/>
    <property name="jscoverage.instrumentation.active" value="true"/>
    <property name="sun.java.launcher" value="SUN_STANDARD"/>
    <property name="LANG" value="en_US.UTF-8"/>
    <property name="jscoverage.reports.directory" value="/var/lib/jenkins/workspace/MasterDetail_Integration_Test/target/jscoverage"/>
    <property name="java.vm.specification.vendor" value="Oracle Corporation"/>
    <property name="file.separator" value="/"/>
    <property name="sap.ui5.selenium.qunit.baseUrl" value="http://localhost:33030"/>
    <property name="jscoverage.sources.directory" value="/var/lib/jenkins/workspace/MasterDetail_Integration_Test/target/jscoverage/sources"/>
    <property name="java.runtime.version" value="1.8.0_181-8u181-b13-1ubuntu0.16.04.1-b13"/>
    <property name="XDG_SESSION_ID" value="c1"/>
    <property name="sap.ui5.selenium.qunit.browsers" value="chrome"/>
    <property name="sun.boot.class.path" value="/usr/lib/jvm/java-8-openjdk-amd64/jre/lib/resources.jar:/usr/lib/jvm/java-8-openjdk-amd64/jre/lib/rt.jar:/usr/lib/jvm/java-8-openjdk-amd64/jre/lib/sunrsasign.jar:/usr/lib/jvm/java-8-openjdk-amd64/jre/lib/jsse.jar:/usr/lib/jvm/java-8-openjdk-amd64/jre/lib/jce.jar:/usr/lib/jvm/java-8-openjdk-amd64/jre/lib/charsets.jar:/usr/lib/jvm/java-8-openjdk-amd64/jre/lib/jfr.jar:/usr/lib/jvm/java-8-openjdk-amd64/jre/classes"/>
    <property name="NODE_PATH" value="/usr/lib/nodejs:/usr/lib/node_modules:/usr/share/javascript"/>
    <property name="PATH+JDK" value="/usr/lib/jvm/java-1.8.0-openjdk-amd64/bin"/>
    <property name="user.country" value="US"/>
    <property name="POM_PACKAGING" value="war"/>
    <property name="maven.home" value="/var/jenkins_tools/maven"/>
    <property name="JOB_BASE_NAME" value="MasterDetail_Integration_Test"/>
    <property name="HOME" value="/var/lib/jenkins"/>
    <property name="sap.ui5.selenium.qunit.driver.initretries" value="5"/>
    <property name="java.vendor" value="Oracle Corporation"/>
    <property name="GIT_AUTHOR_NAME" value="sal_dev_ops"/>
    <property name="POM_DISPLAYNAME" value="systemdata"/>
    <property name="java.specification.version" value="1.8"/>
    <property name="sun.arch.data.model" value="64"/>
    <property name="GIT_URL" value="ssh://i306293@git.wdf.sap.corp:29418/supportportal/systemdata_masterdetail.git"/>
  </properties>
  <testcase name="qUnitRunner[0: integration/opaTests.qunit.html - chrome 68.0.3440.106 ]" classname="com.sap.ui5.selenium.qunit.QUnitTest" time="124.993"/>
</testsuite>